PLINK v1.90b1g 64-bit (10 Jun 2014)
13 arguments: --bfile step2_chr12 --geno 0.05 --hwe 0.000001 --maf 0.05 --make-bed --mind 0.1 --out 1000G.EUR.METHY2.CHR12
Hostname: ln0004
Working directory: /panfs/roc/groups/1/panwei/wuxx0845/1000Genomes
Start time: Tue Oct 24 22:21:15 2017

Random number seed: 1508901675
64293 MB RAM detected; reserving 32146 MB for main workspace.
3868428 variants loaded from .bim file.
503 people (0 males, 0 females, 503 ambiguous) loaded from .fam.
Ambiguous sex IDs written to 1000G.EUR.METHY2.CHR12.nosex .
0 people removed due to missing genotype data (--mind).
Using 1 thread (no multithreaded calculations invoked).
Calculating allele frequencies... done.
Total genotyping rate is 0.999855.
2093 variants removed due to missing genotype data (--geno).
--hwe: 3698 variants removed due to Hardy-Weinberg exact test.
3530855 variants removed due to MAF threshold(s) (--maf/--max-maf).
331782 variants and 503 people pass filters and QC.
Note: No phenotypes present.
--make-bed to 1000G.EUR.METHY2.CHR12.bed + 1000G.EUR.METHY2.CHR12.bim +
1000G.EUR.METHY2.CHR12.fam ... done.

End time: Tue Oct 24 22:21:19 2017
